IOR-3.3.0+dev: MPI Coordinated Test of Parallel I/O
Began               : Fri Oct 18 16:17:53 2019
Command line        : /global/homes/g/glock/src/git/ior/test/ior-3.3.0+dev/src/ior -s 512 -b 1048576 -t 1048576 -o /global/cscratch1/sd/glock/one_stripe/tempFile -O filePerProc=1 -f posix.ior
Machine             : Linux nid02665
TestID              : 0
StartTime           : Fri Oct 18 16:17:53 2019
Path                : /global/cscratch1/sd/glock/one_stripe
FS                  : 27503.0 TiB   Used FS: 67.3%   Inodes: 5955.2 Mi   Used Inodes: 23.5%

Options: 
api                 : POSIX
apiVersion          : 
test filename       : /global/cscratch1/sd/glock/one_stripe/tempFile
access              : file-per-process
type                : independent
segments            : 512
ordering in a file  : sequential
ordering inter file : no tasks offsets
nodes               : 256
tasks               : 4096
clients per node    : 16
repetitions         : 1
xfersize            : 1 MiB
blocksize           : 1 MiB
aggregate filesize  : 2 TiB

Results: 

access    bw(MiB/s)  IOPS       Latency(s)  block(KiB) xfer(KiB)  open(s)    wr/rd(s)   close(s)   total(s)   iter
------    ---------  ----       ----------  ---------- ---------  --------   --------   --------   --------   ----
write     246862     281054     3.81        1024.00    1024.00    1.01       7.46       0.022155   8.50       0   
remove    -          -          -           -          -          -          -          -          1.14       0   
Max Write: 246862.47 MiB/sec (258854.06 MB/sec)

Summary of all tests:
Operation   Max(MiB)   Min(MiB)  Mean(MiB)     StdDev   Max(OPs)   Min(OPs)  Mean(OPs)     StdDev    Mean(s) Stonewall(s) Stonewall(MiB) Test# #Tasks tPN reps fPP reord reordoff reordrand seed segcnt   blksiz    xsize aggs(MiB)   API RefNum
write      246862.47  246862.47  246862.47       0.00  246862.47  246862.47  246862.47       0.00    8.49522         NA            NA     0   4096  16    1   1     0        1         0    0    512  1048576  1048576 2097152.0 POSIX      0
Finished            : Fri Oct 18 16:18:03 2019
