IOR-3.3.0+dev: MPI Coordinated Test of Parallel I/O
Began               : Fri Oct 18 16:16:35 2019
Command line        : /global/homes/g/glock/src/git/ior/test/ior-3.3.0+dev/src/ior -s 512 -b 1048576 -t 1048576 -o /global/cscratch1/sd/glock/one_stripe/tempFile -O filePerProc=1 -f posix.ior
Machine             : Linux nid02665
TestID              : 0
StartTime           : Fri Oct 18 16:16:35 2019
Path                : /global/cscratch1/sd/glock/one_stripe
FS                  : 27503.0 TiB   Used FS: 67.3%   Inodes: 5955.2 Mi   Used Inodes: 23.5%

Options: 
api                 : POSIX
apiVersion          : 
test filename       : /global/cscratch1/sd/glock/one_stripe/tempFile
access              : file-per-process
type                : independent
segments            : 512
ordering in a file  : sequential
ordering inter file : no tasks offsets
nodes               : 512
tasks               : 8192
clients per node    : 16
repetitions         : 1
xfersize            : 1 MiB
blocksize           : 1 MiB
aggregate filesize  : 4 TiB

Results: 

access    bw(MiB/s)  IOPS       Latency(s)  block(KiB) xfer(KiB)  open(s)    wr/rd(s)   close(s)   total(s)   iter
------    ---------  ----       ----------  ---------- ---------  --------   --------   --------   --------   ----
write     315813     329937     6.56        1024.00    1024.00    0.523481   12.71      0.050079   13.28      0   
remove    -          -          -           -          -          -          -          -          1.20       0   
Max Write: 315813.40 MiB/sec (331154.36 MB/sec)

Summary of all tests:
Operation   Max(MiB)   Min(MiB)  Mean(MiB)     StdDev   Max(OPs)   Min(OPs)  Mean(OPs)     StdDev    Mean(s) Stonewall(s) Stonewall(MiB) Test# #Tasks tPN reps fPP reord reordoff reordrand seed segcnt   blksiz    xsize aggs(MiB)   API RefNum
write      315813.40  315813.40  315813.40       0.00  315813.40  315813.40  315813.40       0.00   13.28096         NA            NA     0   8192  16    1   1     0        1         0    0    512  1048576  1048576 4194304.0 POSIX      0
Finished            : Fri Oct 18 16:16:50 2019
