IOR-3.2.0: MPI Coordinated Test of Parallel I/O
Began               : Fri Oct  5 20:37:29 2018
Command line        : /global/homes/g/glock/sc18_pio/bin/ior -s 1024 -b 262144 -t 262144 -O setAlignment=1M -o /global/gscratch1/sd/glock/tempFile_1m.hdf5 -k -f hdf5.ior
Machine             : Linux nid00384
Start time skew across all tasks: 0.00 sec
TestID              : 0
StartTime           : Fri Oct  5 20:37:29 2018
Path                : /global/gscratch1/sd/glock
FS                  : 451.6 TiB   Used FS: 37.7%   Inodes: 452.3 Mi   Used Inodes: 1.4%
Participating tasks: 128

Options: 
api                 : HDF5
apiVersion          : 
test filename       : /global/gscratch1/sd/glock/tempFile_1m.hdf5
access              : single-shared-file
type                : independent
segments            : 1024
ordering in a file  : sequential
ordering inter file : no tasks offsets
tasks               : 128
clients per node    : 16
repetitions         : 10
xfersize            : 262144 bytes
blocksize           : 262144 bytes
aggregate filesize  : 32 GiB

Results: 

access    bw(MiB/s)  block(KiB) xfer(KiB)  open(s)    wr/rd(s)   close(s)   total(s)   iter
------    ---------  ---------- ---------  --------   --------   --------   --------   ----
Commencing write performance test: Fri Oct  5 20:37:29 2018
write     340.04     256.00     256.00     0.009791   95.78      0.575112   96.36      0   
Commencing write performance test: Fri Oct  5 20:39:09 2018
write     419.11     256.00     256.00     0.007824   77.66      0.511684   78.18      1   
Commencing write performance test: Fri Oct  5 20:40:31 2018
write     388.57     256.00     256.00     0.006701   83.78      0.546944   84.33      2   
Commencing write performance test: Fri Oct  5 20:42:00 2018
write     347.05     256.00     256.00     0.007108   93.73      0.676696   94.42      3   
Commencing write performance test: Fri Oct  5 20:43:38 2018
write     334.22     256.00     256.00     0.007251   97.60      0.436713   98.04      4   
Commencing write performance test: Fri Oct  5 20:45:20 2018
write     407.29     256.00     256.00     0.006906   80.11      0.335780   80.45      5   
Commencing write performance test: Fri Oct  5 20:46:44 2018
write     410.24     256.00     256.00     0.007133   79.28      0.587630   79.87      6   
Commencing write performance test: Fri Oct  5 20:48:08 2018
write     384.32     256.00     256.00     0.006917   84.50      0.754451   85.26      7   
Commencing write performance test: Fri Oct  5 20:49:37 2018
write     344.30     256.00     256.00     0.006810   94.56      0.607680   95.17      8   
Commencing write performance test: Fri Oct  5 20:51:16 2018
write     419.22     256.00     256.00     0.007133   77.61      0.546020   78.17      9   
Max Write: 419.22 MiB/sec (439.58 MB/sec)

Summary of all tests:
Operation   Max(MiB)   Min(MiB)  Mean(MiB)     StdDev   Max(OPs)   Min(OPs)  Mean(OPs)     StdDev    Mean(s) Test# #Tasks tPN reps fPP reord reordoff reordrand seed segcnt   blksiz    xsize aggs(MiB)   API RefNum
write         419.22     334.22     379.44      32.97    1676.86    1336.87    1517.74     131.87   87.02708     0    128  16   10   0     0        1         0    0   1024   262144   262144   32768.0 HDF5      0
Finished            : Fri Oct  5 20:52:34 2018
