IOR-3.2.0: MPI Coordinated Test of Parallel I/O
Began               : Thu Oct  4 16:42:15 2018
Command line        : /global/homes/g/glock/sc18_pio/bin/ior -s 256 -b 1048576 -t 1048576 -O setAlignment=1M -o /global/gscratch1/sd/glock/tempFile.hdf5 -f hdf5.ior
Machine             : Linux nid00384
Start time skew across all tasks: 0.00 sec
TestID              : 0
StartTime           : Thu Oct  4 16:42:15 2018
Path                : /global/gscratch1/sd/glock
FS                  : 451.6 TiB   Used FS: 37.6%   Inodes: 452.3 Mi   Used Inodes: 1.4%
Participating tasks: 128

Options: 
api                 : HDF5
apiVersion          : 
test filename       : /global/gscratch1/sd/glock/tempFile.hdf5
access              : single-shared-file
type                : independent
segments            : 256
ordering in a file  : sequential
ordering inter file : no tasks offsets
tasks               : 128
clients per node    : 16
repetitions         : 10
xfersize            : 1 MiB
blocksize           : 1 MiB
aggregate filesize  : 32 GiB

Results: 

access    bw(MiB/s)  block(KiB) xfer(KiB)  open(s)    wr/rd(s)   close(s)   total(s)   iter
------    ---------  ---------- ---------  --------   --------   --------   --------   ----
Commencing write performance test: Thu Oct  4 16:42:16 2018
write     1116.67    1024.00    1024.00    0.010115   28.86      0.476488   29.34      0   
remove    -          -          -          -          -          -          4.68       0   
Commencing write performance test: Thu Oct  4 16:42:50 2018
write     1006.70    1024.00    1024.00    0.005523   32.18      0.368305   32.55      1   
remove    -          -          -          -          -          -          4.43       1   
Commencing write performance test: Thu Oct  4 16:43:27 2018
write     969.47     1024.00    1024.00    0.004758   33.14      0.656884   33.80      2   
remove    -          -          -          -          -          -          4.11       2   
Commencing write performance test: Thu Oct  4 16:44:04 2018
write     906.25     1024.00    1024.00    0.004853   35.79      0.363059   36.16      3   
remove    -          -          -          -          -          -          4.62       3   
Commencing write performance test: Thu Oct  4 16:44:45 2018
write     956.10     1024.00    1024.00    0.004885   33.79      0.476747   34.27      4   
remove    -          -          -          -          -          -          4.27       4   
Commencing write performance test: Thu Oct  4 16:45:24 2018
write     1103.24    1024.00    1024.00    0.005151   29.26      0.441347   29.70      5   
remove    -          -          -          -          -          -          3.82       5   
Commencing write performance test: Thu Oct  4 16:45:57 2018
write     837.42     1024.00    1024.00    0.003978   38.61      0.517460   39.13      6   
remove    -          -          -          -          -          -          3.80       6   
Commencing write performance test: Thu Oct  4 16:46:40 2018
write     1019.08    1024.00    1024.00    0.004885   31.63      0.518278   32.15      7   
remove    -          -          -          -          -          -          4.03       7   
Commencing write performance test: Thu Oct  4 16:47:17 2018
write     988.97     1024.00    1024.00    0.004855   32.75      0.375846   33.13      8   
remove    -          -          -          -          -          -          4.13       8   
Commencing write performance test: Thu Oct  4 16:47:54 2018
write     817.33     1024.00    1024.00    0.005031   39.57      0.519002   40.09      9   
remove    -          -          -          -          -          -          4.07       9   
Max Write: 1116.67 MiB/sec (1170.92 MB/sec)

Summary of all tests:
Operation   Max(MiB)   Min(MiB)  Mean(MiB)     StdDev   Max(OPs)   Min(OPs)  Mean(OPs)     StdDev    Mean(s) Test# #Tasks tPN reps fPP reord reordoff reordrand seed segcnt   blksiz    xsize aggs(MiB)   API RefNum
write        1116.67     817.33     972.12      94.06    1116.67     817.33     972.12      94.06   34.03350     0    128  16   10   0     0        1         0    0    256  1048576  1048576   32768.0 HDF5      0
Finished            : Thu Oct  4 16:48:38 2018
