IOR-3.2.0: MPI Coordinated Test of Parallel I/O
Began               : Thu Oct  4 17:19:25 2018
Command line        : /global/homes/g/glock/sc18_pio/bin/ior -s 1024 -b 262144 -t 262144 -O setAlignment=1M -o /global/gscratch1/sd/glock/tempFile.hdf5 -f hdf5.ior
Machine             : Linux nid00384
Start time skew across all tasks: 0.00 sec
TestID              : 0
StartTime           : Thu Oct  4 17:19:25 2018
Path                : /global/gscratch1/sd/glock
FS                  : 451.6 TiB   Used FS: 37.6%   Inodes: 452.3 Mi   Used Inodes: 1.4%
Participating tasks: 128

Options: 
api                 : HDF5
apiVersion          : 
test filename       : /global/gscratch1/sd/glock/tempFile.hdf5
access              : single-shared-file
type                : independent
segments            : 1024
ordering in a file  : sequential
ordering inter file : no tasks offsets
tasks               : 128
clients per node    : 16
repetitions         : 10
xfersize            : 262144 bytes
blocksize           : 262144 bytes
aggregate filesize  : 32 GiB

Results: 

access    bw(MiB/s)  block(KiB) xfer(KiB)  open(s)    wr/rd(s)   close(s)   total(s)   iter
------    ---------  ---------- ---------  --------   --------   --------   --------   ----
Commencing write performance test: Thu Oct  4 17:19:25 2018
write     412.39     256.00     256.00     0.009845   79.11      0.341879   79.46      0   
remove    -          -          -          -          -          -          3.98       0   
Commencing write performance test: Thu Oct  4 17:20:48 2018
write     405.11     256.00     256.00     0.005712   80.19      0.695428   80.89      1   
remove    -          -          -          -          -          -          3.69       1   
Commencing write performance test: Thu Oct  4 17:22:13 2018
write     399.35     256.00     256.00     0.005136   81.55      0.502910   82.05      2   
remove    -          -          -          -          -          -          3.85       2   
Commencing write performance test: Thu Oct  4 17:23:39 2018
write     443.09     256.00     256.00     0.005049   73.38      0.567369   73.95      3   
remove    -          -          -          -          -          -          3.60       3   
Commencing write performance test: Thu Oct  4 17:24:56 2018
write     390.97     256.00     256.00     0.004865   83.32      0.485832   83.81      4   
remove    -          -          -          -          -          -          4.02       4   
Commencing write performance test: Thu Oct  4 17:26:24 2018
write     363.75     256.00     256.00     0.004202   89.55      0.534351   90.08      5   
remove    -          -          -          -          -          -          4.10       5   
Commencing write performance test: Thu Oct  4 17:27:59 2018
write     376.49     256.00     256.00     0.005017   86.54      0.490037   87.04      6   
remove    -          -          -          -          -          -          3.96       6   
Commencing write performance test: Thu Oct  4 17:29:30 2018
write     425.40     256.00     256.00     0.005129   76.44      0.581555   77.03      7   
remove    -          -          -          -          -          -          3.94       7   
Commencing write performance test: Thu Oct  4 17:30:51 2018
write     393.32     256.00     256.00     0.005315   82.89      0.415496   83.31      8   
remove    -          -          -          -          -          -          3.75       8   
Commencing write performance test: Thu Oct  4 17:32:18 2018
write     438.06     256.00     256.00     0.005236   74.34      0.456273   74.80      9   
remove    -          -          -          -          -          -          3.99       9   
Max Write: 443.09 MiB/sec (464.62 MB/sec)

Summary of all tests:
Operation   Max(MiB)   Min(MiB)  Mean(MiB)     StdDev   Max(OPs)   Min(OPs)  Mean(OPs)     StdDev    Mean(s) Test# #Tasks tPN reps fPP reord reordoff reordrand seed segcnt   blksiz    xsize aggs(MiB)   API RefNum
write         443.09     363.75     404.79      24.28    1772.37    1455.00    1619.17      97.11   81.24261     0    128  16   10   0     0        1         0    0   1024   262144   262144   32768.0 HDF5      0
Finished            : Thu Oct  4 17:33:36 2018
