IOR-3.2.0: MPI Coordinated Test of Parallel I/O
Began               : Fri Oct  5 22:13:08 2018
Command line        : /global/homes/g/glock/sc18_pio/bin/ior -s 4096 -b 65536 -t 65536 -O setAlignment=4K -o /global/gscratch1/sd/glock/tempFile_4k.hdf5 -k -f hdf5.ior
Machine             : Linux nid00384
Start time skew across all tasks: 0.00 sec
TestID              : 0
StartTime           : Fri Oct  5 22:13:08 2018
Path                : /global/gscratch1/sd/glock
FS                  : 451.6 TiB   Used FS: 37.7%   Inodes: 452.3 Mi   Used Inodes: 1.4%
Participating tasks: 128

Options: 
api                 : HDF5
apiVersion          : 
test filename       : /global/gscratch1/sd/glock/tempFile_4k.hdf5
access              : single-shared-file
type                : independent
segments            : 4096
ordering in a file  : sequential
ordering inter file : no tasks offsets
tasks               : 128
clients per node    : 16
repetitions         : 10
xfersize            : 65536 bytes
blocksize           : 65536 bytes
aggregate filesize  : 32 GiB

Results: 

access    bw(MiB/s)  block(KiB) xfer(KiB)  open(s)    wr/rd(s)   close(s)   total(s)   iter
------    ---------  ---------- ---------  --------   --------   --------   --------   ----
Commencing write performance test: Fri Oct  5 22:13:08 2018
write     117.18     64.00      64.00      0.009800   278.21     1.41       279.63     0   
Commencing write performance test: Fri Oct  5 22:17:50 2018
write     157.62     64.00      64.00      0.007448   206.38     1.50       207.89     1   
Commencing write performance test: Fri Oct  5 22:21:21 2018
write     154.32     64.00      64.00      0.006865   211.54     0.798341   212.34     2   
Commencing write performance test: Fri Oct  5 22:24:56 2018
write     142.60     64.00      64.00      0.007436   228.83     0.943319   229.78     3   
Commencing write performance test: Fri Oct  5 22:28:49 2018
write     115.34     64.00      64.00      0.006924   282.86     1.23       284.10     4   
Commencing write performance test: Fri Oct  5 22:33:36 2018
write     151.68     64.00      64.00      0.006873   215.25     0.776996   216.04     5   
Commencing write performance test: Fri Oct  5 22:37:15 2018
write     153.52     64.00      64.00      0.007142   212.12     1.31       213.44     6   
Commencing write performance test: Fri Oct  5 22:40:52 2018
write     146.98     64.00      64.00      0.007347   221.64     1.29       222.94     7   
Commencing write performance test: Fri Oct  5 22:44:37 2018
write     119.96     64.00      64.00      0.007390   272.17     0.971756   273.15     8   
Commencing write performance test: Fri Oct  5 22:49:13 2018
write     152.11     64.00      64.00      0.007226   214.51     0.913572   215.43     9   
Max Write: 157.62 MiB/sec (165.28 MB/sec)

Summary of all tests:
Operation   Max(MiB)   Min(MiB)  Mean(MiB)     StdDev   Max(OPs)   Min(OPs)  Mean(OPs)     StdDev    Mean(s) Test# #Tasks tPN reps fPP reord reordoff reordrand seed segcnt   blksiz    xsize aggs(MiB)   API RefNum
write         157.62     115.34     141.13      15.98    2521.96    1845.41    2258.12     255.71  235.47331     0    128  16   10   0     0        1         0    0   4096    65536    65536   32768.0 HDF5      0
Finished            : Fri Oct  5 22:52:48 2018
