IOR-3.2.0: MPI Coordinated Test of Parallel I/O
Began               : Fri Oct  5 18:47:19 2018
Command line        : /global/homes/g/glock/sc18_pio/bin/ior -s 64 -b 4194304 -t 4194304 -o /global/gscratch1/sd/glock/tempFile.hdf5 -k -f hdf5.ior
Machine             : Linux nid00384
Start time skew across all tasks: 0.00 sec
TestID              : 0
StartTime           : Fri Oct  5 18:47:19 2018
Path                : /global/gscratch1/sd/glock
FS                  : 451.6 TiB   Used FS: 37.7%   Inodes: 452.3 Mi   Used Inodes: 1.4%
Participating tasks: 128

Options: 
api                 : HDF5
apiVersion          : 
test filename       : /global/gscratch1/sd/glock/tempFile.hdf5
access              : single-shared-file
type                : independent
segments            : 64
ordering in a file  : sequential
ordering inter file : no tasks offsets
tasks               : 128
clients per node    : 16
repetitions         : 10
xfersize            : 4 MiB
blocksize           : 4 MiB
aggregate filesize  : 32 GiB

Results: 

access    bw(MiB/s)  block(KiB) xfer(KiB)  open(s)    wr/rd(s)   close(s)   total(s)   iter
------    ---------  ---------- ---------  --------   --------   --------   --------   ----
Commencing write performance test: Fri Oct  5 18:47:19 2018
write     740.68     4096       4096       0.010402   43.77      0.461924   44.24      0   
Commencing write performance test: Fri Oct  5 18:48:06 2018
write     837.18     4096       4096       0.013248   38.52      0.605625   39.14      1   
Commencing write performance test: Fri Oct  5 18:48:48 2018
write     897.35     4096       4096       0.006824   36.16      0.351091   36.52      2   
Commencing write performance test: Fri Oct  5 18:49:27 2018
write     786.42     4096       4096       0.006647   41.15      0.512376   41.67      3   
Commencing write performance test: Fri Oct  5 18:50:11 2018
write     741.68     4096       4096       0.007083   43.77      0.404696   44.18      4   
Commencing write performance test: Fri Oct  5 18:50:58 2018
write     839.95     4096       4096       0.007009   38.40      0.605338   39.01      5   
Commencing write performance test: Fri Oct  5 18:51:39 2018
write     868.57     4096       4096       0.006490   37.28      0.436368   37.73      6   
Commencing write performance test: Fri Oct  5 18:52:19 2018
write     789.84     4096       4096       0.006988   41.11      0.372248   41.49      7   
Commencing write performance test: Fri Oct  5 18:53:04 2018
write     710.41     4096       4096       0.006875   45.49      0.630205   46.13      8   
Commencing write performance test: Fri Oct  5 18:53:52 2018
write     877.56     4096       4096       0.006391   36.85      0.484879   37.34      9   
Max Write: 897.35 MiB/sec (940.94 MB/sec)

Summary of all tests:
Operation   Max(MiB)   Min(MiB)  Mean(MiB)     StdDev   Max(OPs)   Min(OPs)  Mean(OPs)     StdDev    Mean(s) Test# #Tasks tPN reps fPP reord reordoff reordrand seed segcnt   blksiz    xsize aggs(MiB)   API RefNum
write         897.35     710.41     808.96      61.32     224.34     177.60     202.24      15.33   40.74362     0    128  16   10   0     0        1         0    0     64  4194304  4194304   32768.0 HDF5      0
Finished            : Fri Oct  5 18:54:30 2018
