IOR-3.2.0: MPI Coordinated Test of Parallel I/O
Began               : Fri Oct  5 19:10:26 2018
Command line        : /global/homes/g/glock/sc18_pio/bin/ior -s 256 -b 1048576 -t 1048576 -o /global/gscratch1/sd/glock/tempFile.hdf5 -k -f hdf5.ior
Machine             : Linux nid00384
Start time skew across all tasks: 0.00 sec
TestID              : 0
StartTime           : Fri Oct  5 19:10:26 2018
Path                : /global/gscratch1/sd/glock
FS                  : 451.6 TiB   Used FS: 37.7%   Inodes: 452.3 Mi   Used Inodes: 1.4%
Participating tasks: 128

Options: 
api                 : HDF5
apiVersion          : 
test filename       : /global/gscratch1/sd/glock/tempFile.hdf5
access              : single-shared-file
type                : independent
segments            : 256
ordering in a file  : sequential
ordering inter file : no tasks offsets
tasks               : 128
clients per node    : 16
repetitions         : 10
xfersize            : 1 MiB
blocksize           : 1 MiB
aggregate filesize  : 32 GiB

Results: 

access    bw(MiB/s)  block(KiB) xfer(KiB)  open(s)    wr/rd(s)   close(s)   total(s)   iter
------    ---------  ---------- ---------  --------   --------   --------   --------   ----
Commencing write performance test: Fri Oct  5 19:10:26 2018
write     312.02     1024.00    1024.00    0.010344   104.31     0.696066   105.02     0   
Commencing write performance test: Fri Oct  5 19:12:12 2018
write     300.65     1024.00    1024.00    0.007118   108.19     0.795236   108.99     1   
Commencing write performance test: Fri Oct  5 19:14:02 2018
write     266.94     1024.00    1024.00    0.005116   121.92     0.826445   122.75     2   
Commencing write performance test: Fri Oct  5 19:16:06 2018
write     302.94     1024.00    1024.00    0.004947   107.23     0.932049   108.17     3   
Commencing write performance test: Fri Oct  5 19:17:55 2018
write     313.67     1024.00    1024.00    0.006879   103.42     1.05       104.47     4   
Commencing write performance test: Fri Oct  5 19:19:41 2018
write     316.59     1024.00    1024.00    0.006970   102.92     0.570562   103.50     5   
Commencing write performance test: Fri Oct  5 19:21:25 2018
write     275.95     1024.00    1024.00    0.004904   117.79     0.951215   118.75     6   
Commencing write performance test: Fri Oct  5 19:23:25 2018
write     323.07     1024.00    1024.00    0.006472   100.28     1.14       101.43     7   
Commencing write performance test: Fri Oct  5 19:25:08 2018
write     317.55     1024.00    1024.00    0.006998   102.53     0.654381   103.19     8   
Commencing write performance test: Fri Oct  5 19:26:53 2018
write     289.07     1024.00    1024.00    0.006745   112.48     0.870688   113.36     9   
Max Write: 323.07 MiB/sec (338.76 MB/sec)

Summary of all tests:
Operation   Max(MiB)   Min(MiB)  Mean(MiB)     StdDev   Max(OPs)   Min(OPs)  Mean(OPs)     StdDev    Mean(s) Test# #Tasks tPN reps fPP reord reordoff reordrand seed segcnt   blksiz    xsize aggs(MiB)   API RefNum
write         323.07     266.94     301.85      17.92     323.07     266.94     301.85      17.92  108.96187     0    128  16   10   0     0        1         0    0    256  1048576  1048576   32768.0 HDF5      0
Finished            : Fri Oct  5 19:28:46 2018
