IOR-3.2.0: MPI Coordinated Test of Parallel I/O
Began               : Mon Oct  8 17:12:09 2018
Command line        : /global/homes/g/glock/sc18_pio/bin/ior -s 16 -b 8388608 -t 8388608 -o /global/cscratch1/sd/glock/one_stripe/tempFile -O filePerProc=1 -f posix.ior
Machine             : Linux nid07452
Start time skew across all tasks: 0.01 sec
TestID              : 0
StartTime           : Mon Oct  8 17:12:09 2018
Path                : /global/cscratch1/sd/glock/one_stripe
FS                  : 27719.5 TiB   Used FS: 66.8%   Inodes: 5955.2 Mi   Used Inodes: 34.2%
Participating tasks: 512

Options: 
api                 : POSIX
apiVersion          : 
test filename       : /global/cscratch1/sd/glock/one_stripe/tempFile
access              : file-per-process
type                : independent
segments            : 16
ordering in a file  : sequential
ordering inter file : no tasks offsets
tasks               : 512
clients per node    : 16
repetitions         : 5
xfersize            : 8 MiB
blocksize           : 8 MiB
aggregate filesize  : 64 GiB

Results: 

access    bw(MiB/s)  block(KiB) xfer(KiB)  open(s)    wr/rd(s)   close(s)   total(s)   iter
------    ---------  ---------- ---------  --------   --------   --------   --------   ----
Commencing write performance test: Mon Oct  8 17:12:09 2018
write     2175.87    8192       8192       0.032538   30.02      0.051530   30.12      0   
remove    -          -          -          -          -          -          0.029472   0   
Commencing write performance test: Mon Oct  8 17:12:39 2018
write     2353.48    8192       8192       0.014783   27.79      0.046211   27.85      1   
remove    -          -          -          -          -          -          0.022959   1   
Commencing write performance test: Mon Oct  8 17:13:07 2018
write     2142.27    8192       8192       0.050007   30.50      0.045758   30.59      2   
remove    -          -          -          -          -          -          0.035709   2   
Commencing write performance test: Mon Oct  8 17:13:38 2018
write     2192.01    8192       8192       0.014043   29.84      0.043962   29.90      3   
remove    -          -          -          -          -          -          0.034347   3   
Commencing write performance test: Mon Oct  8 17:14:08 2018
write     2188.90    8192       8192       0.023287   29.86      0.058878   29.94      4   
remove    -          -          -          -          -          -          0.026268   4   
Max Write: 2353.48 MiB/sec (2467.81 MB/sec)

Summary of all tests:
Operation   Max(MiB)   Min(MiB)  Mean(MiB)     StdDev   Max(OPs)   Min(OPs)  Mean(OPs)     StdDev    Mean(s) Test# #Tasks tPN reps fPP reord reordoff reordrand seed segcnt   blksiz    xsize aggs(MiB)   API RefNum
write        2353.48    2142.27    2210.51      73.63     294.19     267.78     276.31       9.20   29.67909     0    512  16    5   1     0        1         0    0     16  8388608  8388608   65536.0 POSIX      0
Finished            : Mon Oct  8 17:14:38 2018
