ISO DATE: 2022-05-03T16:44:32-0700
COMMAND LINE: "/global/homes/g/glock/src/elbencho-testing/src/elbencho/bin.perlmutter/elbencho" "--hosts" "nid001608," "--threads" "64" "--files" "1" "--size" "16g" "--block" "4m" "--mkdirs" "--write" "--sync" "--dirsharing" "--resfile" "bw.00threads.2103818.out" "--csvfile" "bw.00threads.2103818.csv" "--livecsv" "bw.00threads.2103818.live.csv" "--liveint" "5000" "--nolive" "/pscratch/sd/g/glock" 

OPERATION RESULT TYPE        FIRST DONE  LAST DONE
========= ================   ==========  =========
SYNC      Elapsed ms       :          0          1
---

MKDIRS    Elapsed ms       :         15         22
          Dirs/s           :       4178       2785
          Dirs total       :         64         64
---

SYNC      Elapsed ms       :          0          1
---

WRITE     Elapsed ms       :      49499      73240
          Files/s          :          0          0
          IOPS             :       3757       3579
          Throughput MiB/s :      15030      14316
          Total MiB        :     744032    1048576
          Files total      :          6         64
---

SYNC      Elapsed ms       :          0      40288
---

