IOR-3.4.0+dev: MPI Coordinated Test of Parallel I/O
Began               : Thu Apr 28 11:51:22 2022
Command line        : /global/homes/g/glock/src/iopup/src/ior/bin.muller/ior -z -t 4k -b 1m -s 64 -F
Machine             : Linux nid002436
TestID              : 0
StartTime           : Thu Apr 28 11:51:22 2022
Path                : testFile.00000000
FS                  : 33224.4 TiB   Used FS: 81.5%   Inodes: 33408.6 Mi   Used Inodes: 0.5%

Options: 
api                 : POSIX
apiVersion          : 
test filename       : testFile
access              : file-per-process
type                : independent
segments            : 64
ordering in a file  : random
ordering inter file : no tasks offsets
nodes               : 4
tasks               : 64
clients per node    : 16
repetitions         : 1
xfersize            : 4096 bytes
blocksize           : 1 MiB
aggregate filesize  : 4 GiB

Results: 

access    bw(MiB/s)  IOPS       Latency(s)  block(KiB) xfer(KiB)  open(s)    wr/rd(s)   close(s)   total(s)   iter
------    ---------  ----       ----------  ---------- ---------  --------   --------   --------   --------   ----
write     13974      3593043    0.000628    1024.00    4.00       0.004842   0.291835   0.142488   0.293126   0   
read      144684     37349128   0.000073    1024.00    4.00       0.000509   0.028075   0.010210   0.028310   0   

Summary of all tests:
Operation   Max(MiB)   Min(MiB)  Mean(MiB)     StdDev   Max(OPs)   Min(OPs)  Mean(OPs)     StdDev    Mean(s) Stonewall(s) Stonewall(MiB) Test# #Tasks tPN reps fPP reord reordoff reordrand seed segcnt   blksiz    xsize aggs(MiB)   API RefNum
write       13973.51   13973.51   13973.51       0.00 3577218.06 3577218.06 3577218.06       0.00    0.29313         NA            NA     0     64  16    1   1     0        1         0    0     64  1048576     4096    4096.0 POSIX      0
read       144683.55  144683.55  144683.55       0.00 37038988.31 37038988.31 37038988.31       0.00    0.02831         NA            NA     0     64  16    1   1     0        1         0    0     64  1048576     4096    4096.0 POSIX      0
Finished            : Thu Apr 28 11:51:22 2022
IOR-3.4.0+dev: MPI Coordinated Test of Parallel I/O
Began               : Thu Apr 28 11:51:23 2022
Command line        : /global/homes/g/glock/src/iopup/src/ior/bin.muller/ior -z -t 4k -b 1m -s 64 -F -C
Machine             : Linux nid002436
TestID              : 0
StartTime           : Thu Apr 28 11:51:23 2022
Path                : testFile.00000000
FS                  : 33224.4 TiB   Used FS: 81.5%   Inodes: 33408.6 Mi   Used Inodes: 0.5%

Options: 
api                 : POSIX
apiVersion          : 
test filename       : testFile
access              : file-per-process
type                : independent
segments            : 64
ordering in a file  : random
ordering inter file : constant task offset
task offset         : 1
nodes               : 4
tasks               : 64
clients per node    : 16
repetitions         : 1
xfersize            : 4096 bytes
blocksize           : 1 MiB
aggregate filesize  : 4 GiB

Results: 

access    bw(MiB/s)  IOPS       Latency(s)  block(KiB) xfer(KiB)  open(s)    wr/rd(s)   close(s)   total(s)   iter
------    ---------  ----       ----------  ---------- ---------  --------   --------   --------   --------   ----
write     13038      3341871    0.000583    1024.00    4.00       0.003385   0.313769   0.164446   0.314166   0   
read      225.43     57710      0.059070    1024.00    4.00       0.000594   18.17      4.00       18.17      0   

Summary of all tests:
Operation   Max(MiB)   Min(MiB)  Mean(MiB)     StdDev   Max(OPs)   Min(OPs)  Mean(OPs)     StdDev    Mean(s) Stonewall(s) Stonewall(MiB) Test# #Tasks tPN reps fPP reord reordoff reordrand seed segcnt   blksiz    xsize aggs(MiB)   API RefNum
write       13037.70   13037.70   13037.70       0.00 3337651.32 3337651.32 3337651.32       0.00    0.31417         NA            NA     0     64  16    1   1     1        1         0    0     64  1048576     4096    4096.0 POSIX      0
read          225.43     225.43     225.43       0.00   57709.17   57709.17   57709.17       0.00   18.17001         NA            NA     0     64  16    1   1     1        1         0    0     64  1048576     4096    4096.0 POSIX      0
Finished            : Thu Apr 28 11:51:42 2022
IOR-3.4.0+dev: MPI Coordinated Test of Parallel I/O
Began               : Thu Apr 28 11:51:45 2022
Command line        : /global/homes/g/glock/src/iopup/src/ior/bin.muller/ior -z -t 4k -b 1m -s 64 -F -C -e
Machine             : Linux nid002436
TestID              : 0
StartTime           : Thu Apr 28 11:51:45 2022
Path                : testFile.00000000
FS                  : 33224.4 TiB   Used FS: 81.5%   Inodes: 33408.6 Mi   Used Inodes: 0.5%

Options: 
api                 : POSIX
apiVersion          : 
test filename       : testFile
access              : file-per-process
type                : independent
segments            : 64
ordering in a file  : random
ordering inter file : constant task offset
task offset         : 1
nodes               : 4
tasks               : 64
clients per node    : 16
repetitions         : 1
xfersize            : 4096 bytes
blocksize           : 1 MiB
aggregate filesize  : 4 GiB

Results: 

access    bw(MiB/s)  IOPS       Latency(s)  block(KiB) xfer(KiB)  open(s)    wr/rd(s)   close(s)   total(s)   iter
------    ---------  ----       ----------  ---------- ---------  --------   --------   --------   --------   ----
write     10863      2784846    0.000632    1024.00    4.00       0.003620   0.376529   0.221960   0.377059   0   
read      229.36     58717      0.066062    1024.00    4.00       0.000630   17.86      3.26       17.86      0   

Summary of all tests:
Operation   Max(MiB)   Min(MiB)  Mean(MiB)     StdDev   Max(OPs)   Min(OPs)  Mean(OPs)     StdDev    Mean(s) Stonewall(s) Stonewall(MiB) Test# #Tasks tPN reps fPP reord reordoff reordrand seed segcnt   blksiz    xsize aggs(MiB)   API RefNum
write       10863.02   10863.02   10863.02       0.00 2780933.61 2780933.61 2780933.61       0.00    0.37706         NA            NA     0     64  16    1   1     1        1         0    0     64  1048576     4096    4096.0 POSIX      0
read          229.36     229.36     229.36       0.00   58715.68   58715.68   58715.68       0.00   17.85853         NA            NA     0     64  16    1   1     1        1         0    0     64  1048576     4096    4096.0 POSIX      0
Finished            : Thu Apr 28 11:52:04 2022
IOR-3.4.0+dev: MPI Coordinated Test of Parallel I/O
Began               : Thu Apr 28 11:52:07 2022
Command line        : /global/homes/g/glock/src/iopup/src/ior/bin.muller/ior -z -t 4k -b 1m -s 64 -F -C -e --posix.odirect
Machine             : Linux nid002436
TestID              : 0
StartTime           : Thu Apr 28 11:52:07 2022
Path                : testFile.00000000
FS                  : 33224.4 TiB   Used FS: 81.5%   Inodes: 33408.6 Mi   Used Inodes: 0.5%

Options: 
api                 : POSIX
apiVersion          : 
test filename       : testFile
access              : file-per-process
type                : independent
segments            : 64
ordering in a file  : random
ordering inter file : constant task offset
task offset         : 1
nodes               : 4
tasks               : 64
clients per node    : 16
repetitions         : 1
xfersize            : 4096 bytes
blocksize           : 1 MiB
aggregate filesize  : 4 GiB

Results: 

access    bw(MiB/s)  IOPS       Latency(s)  block(KiB) xfer(KiB)  open(s)    wr/rd(s)   close(s)   total(s)   iter
------    ---------  ----       ----------  ---------- ---------  --------   --------   --------   --------   ----
write     417.30     106838     0.032809    1024.00    4.00       0.003866   9.81       2.16       9.82       0   
read      1513.00    387370     0.010366    1024.00    4.00       0.000618   2.71       1.15       2.71       0   

Summary of all tests:
Operation   Max(MiB)   Min(MiB)  Mean(MiB)     StdDev   Max(OPs)   Min(OPs)  Mean(OPs)     StdDev    Mean(s) Stonewall(s) Stonewall(MiB) Test# #Tasks tPN reps fPP reord reordoff reordrand seed segcnt   blksiz    xsize aggs(MiB)   API RefNum
write         417.30     417.30     417.30       0.00  106829.62  106829.62  106829.62       0.00    9.81540         NA            NA     0     64  16    1   1     1        1         0    0     64  1048576     4096    4096.0 POSIX      0
read         1513.00    1513.00    1513.00       0.00  387327.61  387327.61  387327.61       0.00    2.70721         NA            NA     0     64  16    1   1     1        1         0    0     64  1048576     4096    4096.0 POSIX      0
Finished            : Thu Apr 28 11:52:20 2022
