IOR-3.1.0: MPI Coordinated Test of Parallel I/O

Began: Mon Feb  5 12:32:28 2018
Command line used: /global/u2/g/glock/src/git/ior/src/ior -a POSIX -t 1m -b 1m -s 512 -F -C -e -r -M 50% -o ior_readtest_867664/testFile
Machine: Linux nid00233

Test 0 started: Mon Feb  5 12:32:28 2018
Summary:
	api                = POSIX
	test filename      = ior_readtest_867664/testFile
	access             = file-per-process
	ordering in a file = sequential offsets
	ordering inter file= constant task offsets = 1
	clients            = 512 (16 per node)
	memoryPerNode      = 47.15 GiB
	repetitions        = 1
	repetitionsPerFile = 1
	repetitionsPerFileRW = 0
	xfersize           = 1 MiB
	blocksize          = 1 MiB
	aggregate filesize = 256 GiB

access    bw(MiB/s)  block(KiB) xfer(KiB)  open(s)    wr/rd(s)   close(s)   total(s)   iter
------    ---------  ---------- ---------  --------   --------   --------   --------   ----
read      4725       1024.00    1024.00    0.016372   55.48      26.49      55.49      0   
remove    -          -          -          -          -          -          0.016006   0   

Max Read:  4724.55 MiB/sec (4954.05 MB/sec)

Summary of all tests:
Operation   Max(MiB)   Min(MiB)  Mean(MiB)     StdDev    Mean(s) Test# #Tasks tPN reps fPP reord reordoff reordrand seed segcnt blksiz xsize aggsize API RefNum repPF repPFrw
read         4724.55    4724.55    4724.55       0.00   55.48551 0 512 16 1 1 1 1 0 0 512 1048576 1048576 274877906944 POSIX 0 1 0

Finished: Mon Feb  5 12:33:30 2018
