IOR-3.1.0: MPI Coordinated Test of Parallel I/O

Began: Mon Feb  5 12:13:31 2018
Command line used: /global/u2/g/glock/src/git/ior/src/ior -a POSIX -t 1m -b 1m -s 256 -F -C -e -r -M 80% -o ior_readtest_867663/testFile
Machine: Linux nid00032

Test 0 started: Mon Feb  5 12:13:31 2018
Summary:
	api                = POSIX
	test filename      = ior_readtest_867663/testFile
	access             = file-per-process
	ordering in a file = sequential offsets
	ordering inter file= constant task offsets = 1
	clients            = 512 (16 per node)
	memoryPerNode      = 75.44 GiB
	repetitions        = 1
	repetitionsPerFile = 1
	repetitionsPerFileRW = 0
	xfersize           = 1 MiB
	blocksize          = 1 MiB
	aggregate filesize = 128 GiB

access    bw(MiB/s)  block(KiB) xfer(KiB)  open(s)    wr/rd(s)   close(s)   total(s)   iter
------    ---------  ---------- ---------  --------   --------   --------   --------   ----
read      4189       1024.00    1024.00    0.015901   31.28      25.76      31.29      0   
remove    -          -          -          -          -          -          0.014722   0   

Max Read:  4189.40 MiB/sec (4392.90 MB/sec)

Summary of all tests:
Operation   Max(MiB)   Min(MiB)  Mean(MiB)     StdDev    Mean(s) Test# #Tasks tPN reps fPP reord reordoff reordrand seed segcnt blksiz xsize aggsize API RefNum repPF repPFrw
read         4189.40    4189.40    4189.40       0.00   31.28660 0 512 16 1 1 1 1 0 0 256 1048576 1048576 137438953472 POSIX 0 1 0

Finished: Mon Feb  5 12:14:11 2018
